Traceback (most recent call last):
  File "/usr/lib/python2.7/runpy.py", line 162, in _run_module_as_main
    "__main__", fname, loader, pkg_name)
  File "/usr/lib/python2.7/runpy.py", line 72, in _run_code
    exec code in run_globals
  File "/usr/lib/python2.7/SimpleHTTPServer.py", line 220, in <module>
    test()
  File "/usr/lib/python2.7/SimpleHTTPServer.py", line 216, in test
    BaseHTTPServer.test(HandlerClass, ServerClass)
  File "/usr/lib/python2.7/BaseHTTPServer.py", line 595, in test
    httpd = ServerClass(server_address, HandlerClass)
  File "/usr/lib/python2.7/SocketServer.py", line 408, in __init__
    self.server_bind()
  File "/usr/lib/python2.7/BaseHTTPServer.py", line 108, in server_bind
    SocketServer.TCPServer.server_bind(self)
  File "/usr/lib/python2.7/SocketServer.py", line 419, in server_bind
    self.socket.bind(self.server_address)
  File "/usr/lib/python2.7/socket.py", line 224, in meth
    return getattr(self._sock,name)(*args)
socket.error: [Errno 98] Address already in use
localhost - - [26/Dec/2012 18:53:00] "GET / HTTP/1.1" 200 -
localhost - - [26/Dec/2012 18:53:00] "GET /index.js HTTP/1.1" 200 -
localhost - - [26/Dec/2012 18:53:00] "GET /index.css HTTP/1.1" 200 -
localhost - - [26/Dec/2012 18:53:01] "GET /static/bg-alt.png HTTP/1.1" 200 -
localhost - - [26/Dec/2012 18:53:01] "GET /static/me_82x82.png HTTP/1.1" 200 -
localhost - - [26/Dec/2012 18:53:01] "GET /templates/main.html HTTP/1.1" 200 -
localhost - - [26/Dec/2012 18:53:01] "GET /static/favicon.ico HTTP/1.1" 200 -
localhost - - [26/Dec/2012 18:53:28] "GET / HTTP/1.1" 200 -
localhost - - [26/Dec/2012 18:53:28] "GET /index.css HTTP/1.1" 200 -
localhost - - [26/Dec/2012 18:53:28] "GET /index.js HTTP/1.1" 200 -
localhost - - [26/Dec/2012 18:53:28] "GET /static/bg-alt.png HTTP/1.1" 200 -
localhost - - [26/Dec/2012 18:53:28] "GET /static/me_82x82.png HTTP/1.1" 200 -
localhost - - [26/Dec/2012 18:54:32] "GET / HTTP/1.1" 200 -
localhost - - [26/Dec/2012 18:54:33] "GET /index.css HTTP/1.1" 200 -
localhost - - [26/Dec/2012 18:54:33] "GET /index.js HTTP/1.1" 200 -
localhost - - [26/Dec/2012 18:54:33] "GET /static/bg-alt.png HTTP/1.1" 200 -
localhost - - [26/Dec/2012 18:54:33] "GET /static/me_82x82.png HTTP/1.1" 200 -
Serving HTTP on 0.0.0.0 port 81 ...
Traceback (most recent call last):
  File "/usr/lib/python2.7/runpy.py", line 162, in _run_module_as_main
    "__main__", fname, loader, pkg_name)
  File "/usr/lib/python2.7/runpy.py", line 72, in _run_code
    exec code in run_globals
  File "/usr/lib/python2.7/SimpleHTTPServer.py", line 220, in <module>
    test()
  File "/usr/lib/python2.7/SimpleHTTPServer.py", line 216, in test
    BaseHTTPServer.test(HandlerClass, ServerClass)
  File "/usr/lib/python2.7/BaseHTTPServer.py", line 599, in test
    httpd.serve_forever()
  File "/usr/lib/python2.7/SocketServer.py", line 225, in serve_forever
    r, w, e = select.select([self], [], [], poll_interval)
KeyboardInterrupt
localhost - - [26/Dec/2012 19:32:11] "GET / HTTP/1.1" 200 -
localhost - - [26/Dec/2012 19:32:11] "GET /index.css HTTP/1.1" 200 -
localhost - - [26/Dec/2012 19:32:11] "GET /index.js HTTP/1.1" 200 -
localhost - - [26/Dec/2012 19:32:11] "GET /static/bg-alt.png HTTP/1.1" 200 -
localhost - - [26/Dec/2012 19:32:11] "GET /static/me_82x82.png HTTP/1.1" 200 -
localhost - - [26/Dec/2012 19:32:12] "GET /templates/main.html HTTP/1.1" 200 -
localhost - - [26/Dec/2012 19:32:19] "GET / HTTP/1.1" 200 -
localhost - - [26/Dec/2012 19:32:19] "GET /index.css HTTP/1.1" 200 -
localhost - - [26/Dec/2012 19:32:19] "GET /index.js HTTP/1.1" 200 -
localhost - - [26/Dec/2012 19:32:20] "GET /static/bg-alt.png HTTP/1.1" 200 -
localhost - - [26/Dec/2012 19:32:20] "GET /static/me_82x82.png HTTP/1.1" 200 -
Serving HTTP on 0.0.0.0 port 81 ...
Traceback (most recent call last):
  File "/usr/lib/python2.7/runpy.py", line 162, in _run_module_as_main
    "__main__", fname, loader, pkg_name)
  File "/usr/lib/python2.7/runpy.py", line 72, in _run_code
    exec code in run_globals
  File "/usr/lib/python2.7/SimpleHTTPServer.py", line 220, in <module>
    test()
  File "/usr/lib/python2.7/SimpleHTTPServer.py", line 216, in test
    BaseHTTPServer.test(HandlerClass, ServerClass)
  File "/usr/lib/python2.7/BaseHTTPServer.py", line 599, in test
    httpd.serve_forever()
  File "/usr/lib/python2.7/SocketServer.py", line 225, in serve_forever
    r, w, e = select.select([self], [], [], poll_interval)
KeyboardInterrupt
